Traceback (most recent call last):
  File "/Users/Benjamin/Substancia/projets/catalogue-jupyter-garneau/venv/lib/python3.12/site-packages/jupyter_core/utils/__init__.py", line 154, in wrapped
    asyncio.get_running_loop()
RuntimeError: no running event loop

During handling of the above exception, another exception occurred:

Traceback (most recent call last):
  File "/Users/Benjamin/Substancia/projets/catalogue-jupyter-garneau/venv/lib/python3.12/site-packages/jupyter_cache/executors/utils.py", line 58, in single_nb_execution
    executenb(
  File "/Users/Benjamin/Substancia/projets/catalogue-jupyter-garneau/venv/lib/python3.12/site-packages/nbclient/client.py", line 1319, in execute
    return NotebookClient(nb=nb, resources=resources, km=km, **kwargs).execute()
           ^^^^^^^^^^^^^^^^^^^^^^^^^^^^^^^^^^^^^^^^^^^^^^^^^^^^^^^^^^^^^^^^^^^^^
  File "/Users/Benjamin/Substancia/projets/catalogue-jupyter-garneau/venv/lib/python3.12/site-packages/jupyter_core/utils/__init__.py", line 158, in wrapped
    return loop.run_until_complete(inner)
           ^^^^^^^^^^^^^^^^^^^^^^^^^^^^^^
  File "/usr/local/Cellar/python@3.12/3.12.11/Frameworks/Python.framework/Versions/3.12/lib/python3.12/asyncio/base_events.py", line 691, in run_until_complete
    return future.result()
           ^^^^^^^^^^^^^^^
  File "/Users/Benjamin/Substancia/projets/catalogue-jupyter-garneau/venv/lib/python3.12/site-packages/nbclient/client.py", line 709, in async_execute
    await self.async_execute_cell(
  File "/Users/Benjamin/Substancia/projets/catalogue-jupyter-garneau/venv/lib/python3.12/site-packages/nbclient/client.py", line 1062, in async_execute_cell
    await self._check_raise_for_error(cell, cell_index, exec_reply)
  File "/Users/Benjamin/Substancia/projets/catalogue-jupyter-garneau/venv/lib/python3.12/site-packages/nbclient/client.py", line 918, in _check_raise_for_error
    raise CellExecutionError.from_cell_and_msg(cell, exec_reply_content)
nbclient.exceptions.CellExecutionError: An error occurred while executing the following cell:
------------------
#Dans cette cellule, on simule le processus du contr√¥le de temp√©rature
import time
import matplotlib.pyplot as plt
import numpy as np

# D√©finition de la plage horaire (de minuit √† minuit)
start_time = 0
end_time = 24 * 60  # Nombre de minutes dans une journ√©e (1440 minutes)

# D√©finition de l'index pour la boucle while:
time_index = start_time

# Variables pour compter le nombre de minutes pour chaque √©tat du syst√®me de contr√¥le de temp√©rature et pour l'estimation du co√ªt total
count_minute_chauffage = 0
count_minute_inactif = 0
count_minute_refroidissement = 0
puissance_systeme = 20  #kW
cout_kWh = 0.06 #$

# La boucle while ex√©cute un processus pour la journ√©e enti√®re
while True:
    # On simule la mesure de la temp√©rature avec un capteur:
    temperature_mesuree = data[time_index][1]

    # On fixe l'√©tat du syst√®me de contr√¥le de temp√©rature en fonction de la temp√©rature mesur√©e et on compte le nombre de minute dans l'√©tat:
    if temperature_mesuree <= 14:
        etat_systeme_temperature_controle = "chauffage"
        count_minute_chauffage += 1
    elif 14 < temperature_mesuree < 28:
        etat_systeme_temperature_controle = "inactif"
        count_minute_inactif += 1
    else:
        etat_systeme_temperature_controle = "refroidissement"
        count_minute_refroidissement += 1

    # On affiche le d√©marrage du syst√®me
    if time_index == 0:
        print(f'Le syst√®me a d√©marr√© √† {time_index} min.' + '\n' + '-'*50)
        

    # On affiche dynamiquement le temps, la temp√©rature mesur√©e et l'√©tat du syst√®me de contr√¥le de temp√©rature
    print(f'Temps: {data[time_index][0]} min ; Temp√©rature : {data[time_index][1]:.3f} degr√© celsius ;  √âtat syst√®me contr√¥le temp√©rature : {etat_systeme_temperature_controle}'+' '*100, end='\r')

    # On simule un √©coulement du temps (met en pause l'ex√©cution du programme pendant 0.01 seconde et incr√©mente time_index)
    time.sleep(.01)
    time_index += 1

    # On affiche un message indiquant le rapport du syst√®me en fin de journ√©e et on arr√™te l'ex√©cution du programme:
    if time_index == end_time:
        #Calcul du cout d'utilisation
        nb_kWh = puissance_systeme*(count_minute_chauffage + count_minute_refroidissement)/60
        cout = cout_kWh*nb_kWh
        
        print(' '*100, end ='\r')
        print(f"Le syst√®me s'est arr√™t√© √† {time_index} min." + '\n' + '-'*50)
        print("Rapport syst√®me:")
        print("Le syst√®me de contr√¥le de temp√©rature a fonctionn√© sans interruption aujourd'hui!")
        print(f'Nombre de minutes utilis√©es en mode "chauffage": {count_minute_chauffage} min')
        print(f'Nombre de minutes utilis√©es en mode "refroidissement": {count_minute_refroidissement} min')
        print(f'Nombre de minutes en mode "inactif": {count_minute_inactif} min')
        print(f'√ânergie totale estim√©e: {nb_kWh:.2f} kWh')
        print(f'Co√ªt total de fonctionnement estim√©: {cout:.2f} $')
        # On termine la boucle. 
        break  
------------------


[31m---------------------------------------------------------------------------[39m
[31mModuleNotFoundError[39m                       Traceback (most recent call last)
[36mCell[39m[36m [39m[32mIn[16][39m[32m, line 3[39m
[32m      1[39m [38;5;66;03m#Dans cette cellule, on simule le processus du contr√¥le de temp√©rature[39;00m
[32m      2[39m [38;5;28;01mimport[39;00m[38;5;250m [39m[34;01mtime[39;00m
[32m----> [39m[32m3[39m [38;5;28;01mimport[39;00m[38;5;250m [39m[34;01mmatplotlib[39;00m[34;01m.[39;00m[34;01mpyplot[39;00m[38;5;250m [39m[38;5;28;01mas[39;00m[38;5;250m [39m[34;01mplt[39;00m
[32m      4[39m [38;5;28;01mimport[39;00m[38;5;250m [39m[34;01mnumpy[39;00m[38;5;250m [39m[38;5;28;01mas[39;00m[38;5;250m [39m[34;01mnp[39;00m
[32m      6[39m [38;5;66;03m# D√©finition de la plage horaire (de minuit √† minuit)[39;00m

[31mModuleNotFoundError[39m: No module named 'matplotlib'

